Compilación iniciada a las 03/11/2015 3:02:44.
     1>Proyecto "C:\Users\Master\Documents\UPC - UNIVERSITAT POLITECNICA\VideoJuegos CITM\3r - Fisica II\Wild West Pinball\Wild-West-Pinball\SDL Game.vcxproj" en el nodo 2 (Build destinos).
     1>ClCompile:
         C:\Program Files (x86)\Microsoft Visual Studio 12.0\VC\bin\CL.exe /c /ZI /nologo /W3 /WX- /sdl /Od /Oy- /D _MBCS /Gm /RTC1 /MDd /GS /fp:precise /Zc:wchar_t /Zc:forScope /Fo"Debug\\" /Fd"Debug\vc120.pdb" /Gd /TP /analyze- /errorReport:prompt Application.cpp Main.cpp ModuleAudio.cpp ModuleInput.cpp ModulePhysics.cpp ModulePlayer.cpp ModuleRender.cpp ModuleSceneIntro.cpp ModuleTextures.cpp ModuleWindow.cpp
         ModuleSceneIntro.cpp
     1>c:\users\master\documents\upc - universitat politecnica\videojuegos citm\3r - fisica ii\wild west pinball\wild-west-pinball\modulesceneintro.cpp(104): warning C4244: 'argumento' : conversión de 'int' a 'float'; posible pérdida de datos
     1>c:\users\master\documents\upc - universitat politecnica\videojuegos citm\3r - fisica ii\wild west pinball\wild-west-pinball\modulesceneintro.cpp(106): warning C4244: 'argumento' : conversión de 'int' a 'float'; posible pérdida de datos
     1>c:\users\master\documents\upc - universitat politecnica\videojuegos citm\3r - fisica ii\wild west pinball\wild-west-pinball\modulesceneintro.cpp(108): warning C4244: 'argumento' : conversión de 'float' a 'int'; posible pérdida de datos
     1>c:\users\master\documents\upc - universitat politecnica\videojuegos citm\3r - fisica ii\wild west pinball\wild-west-pinball\modulesceneintro.cpp(111): warning C4244: 'argumento' : conversión de 'float' a 'int'; posible pérdida de datos
         Generando código...
         Compilando...
         Application.cpp
         Generando código...
         Omitiendo... (no se detectaron cambios relevantes)
         ModuleWindow.cpp
         ModuleTextures.cpp
         ModuleRender.cpp
         ModulePlayer.cpp
         ModulePhysics.cpp
         ModuleInput.cpp
         ModuleAudio.cpp
         Main.cpp
       Link:
         C:\Program Files (x86)\Microsoft Visual Studio 12.0\VC\bin\link.exe /ERRORREPORT:PROMPT /OUT:"C:\Users\Master\Documents\UPC - UNIVERSITAT POLITECNICA\VideoJuegos CITM\3r - Fisica II\Wild West Pinball\Wild-West-Pinball\Debug\2D Physics - class 3.exe" /INCREMENTAL /NOLOGO kernel32.lib user32.lib gdi32.lib winspool.lib comdlg32.lib advapi32.lib shell32.lib ole32.lib oleaut32.lib uuid.lib odbc32.lib odbccp32.lib /MANIFEST /MANIFESTUAC:"level='asInvoker' uiAccess='false'" /manifest:embed /DEBUG /PDB:"C:\Users\Master\Documents\UPC - UNIVERSITAT POLITECNICA\VideoJuegos CITM\3r - Fisica II\Wild West Pinball\Wild-West-Pinball\Debug\2D Physics - class 3.pdb" /SUBSYSTEM:WINDOWS /TLBID:1 /DYNAMICBASE /NXCOMPAT /IMPLIB:"C:\Users\Master\Documents\UPC - UNIVERSITAT POLITECNICA\VideoJuegos CITM\3r - Fisica II\Wild West Pinball\Wild-West-Pinball\Debug\2D Physics - class 3.lib" /MACHINE:X86 Debug\Application.obj
         Debug\log.obj
         Debug\Main.obj
         Debug\ModuleAudio.obj
         Debug\ModuleInput.obj
         Debug\ModulePhysics.obj
         Debug\ModulePlayer.obj
         Debug\ModuleRender.obj
         Debug\ModuleSceneIntro.obj
         Debug\ModuleTextures.obj
         Debug\ModuleWindow.obj
         SDL Game.vcxproj -> C:\Users\Master\Documents\UPC - UNIVERSITAT POLITECNICA\VideoJuegos CITM\3r - Fisica II\Wild West Pinball\Wild-West-Pinball\Debug\2D Physics - class 3.exe
     1>Compilación del proyecto terminada "C:\Users\Master\Documents\UPC - UNIVERSITAT POLITECNICA\VideoJuegos CITM\3r - Fisica II\Wild West Pinball\Wild-West-Pinball\SDL Game.vcxproj" (Build destinos).

Compilación correcta.

Tiempo transcurrido 00:00:01.72
