Compilación iniciada a las 19/10/2015 23:54:52.
     1>Proyecto "C:\Users\Master\Desktop\Physics2_class3 - handout\SDL Game.vcxproj" en el nodo 2 (Build destinos).
     1>ClCompile:
         C:\Program Files (x86)\Microsoft Visual Studio 12.0\VC\bin\CL.exe /c /ZI /nologo /W3 /WX- /sdl /Od /Oy- /D _MBCS /Gm /RTC1 /MDd /GS /fp:precise /Zc:wchar_t /Zc:forScope /Fo"Debug\\" /Fd"Debug\vc120.pdb" /Gd /TP /analyze- /errorReport:prompt Application.cpp log.cpp Main.cpp ModuleAudio.cpp ModuleInput.cpp ModulePhysics.cpp ModulePlayer.cpp ModuleRender.cpp ModuleSceneIntro.cpp ModuleTextures.cpp ModuleWindow.cpp
         ModuleWindow.cpp
         ModuleTextures.cpp
         ModuleSceneIntro.cpp
     1>c:\users\master\desktop\physics2_class3 - handout\modulesceneintro.cpp(158): warning C4244: 'argumento' : conversión de 'int' a 'float'; posible pérdida de datos
     1>c:\users\master\desktop\physics2_class3 - handout\modulesceneintro.cpp(160): warning C4244: 'argumento' : conversión de 'int' a 'float'; posible pérdida de datos
     1>c:\users\master\desktop\physics2_class3 - handout\modulesceneintro.cpp(162): warning C4244: 'argumento' : conversión de 'float' a 'int'; posible pérdida de datos
     1>c:\users\master\desktop\physics2_class3 - handout\modulesceneintro.cpp(165): warning C4244: 'argumento' : conversión de 'float' a 'int'; posible pérdida de datos
         ModuleRender.cpp
         ModulePlayer.cpp
         ModulePhysics.cpp
     1>c:\users\master\desktop\physics2_class3 - handout\modulephysics.cpp(35): warning C4244: 'inicializando' : conversión de 'float' a 'int'; posible pérdida de datos
     1>c:\users\master\desktop\physics2_class3 - handout\modulephysics.cpp(111): warning C4244: '=' : conversión de 'float' a 'int'; posible pérdida de datos
     1>c:\users\master\desktop\physics2_class3 - handout\modulephysics.cpp(112): warning C4244: '=' : conversión de 'float' a 'int'; posible pérdida de datos
     1>c:\users\master\desktop\physics2_class3 - handout\modulephysics.cpp(128): warning C4018: '<' : no coinciden signed/unsigned
         ModuleInput.cpp
         ModuleAudio.cpp
         Main.cpp
         log.cpp
         Application.cpp
         Generando código...
       Link:
         C:\Program Files (x86)\Microsoft Visual Studio 12.0\VC\bin\link.exe /ERRORREPORT:PROMPT /OUT:"C:\Users\Master\Desktop\Physics2_class3 - handout\Debug\2D Physics - class 3.exe" /INCREMENTAL /NOLOGO kernel32.lib user32.lib gdi32.lib winspool.lib comdlg32.lib advapi32.lib shell32.lib ole32.lib oleaut32.lib uuid.lib odbc32.lib odbccp32.lib /MANIFEST /MANIFESTUAC:"level='asInvoker' uiAccess='false'" /manifest:embed /DEBUG /PDB:"C:\Users\Master\Desktop\Physics2_class3 - handout\Debug\2D Physics - class 3.pdb" /SUBSYSTEM:WINDOWS /TLBID:1 /DYNAMICBASE /NXCOMPAT /IMPLIB:"C:\Users\Master\Desktop\Physics2_class3 - handout\Debug\2D Physics - class 3.lib" /MACHINE:X86 Debug\Application.obj
         Debug\log.obj
         Debug\Main.obj
         Debug\ModuleAudio.obj
         Debug\ModuleInput.obj
         Debug\ModulePhysics.obj
         Debug\ModulePlayer.obj
         Debug\ModuleRender.obj
         Debug\ModuleSceneIntro.obj
         Debug\ModuleTextures.obj
         Debug\ModuleWindow.obj
     1>MSVCRTD.lib(cinitexe.obj) : warning LNK4098: la biblioteca predeterminada'msvcrt.lib' entra en conflicto con otras bibliotecas; use la biblioteca /NODEFAULTLIB:biblioteca
         SDL Game.vcxproj -> C:\Users\Master\Desktop\Physics2_class3 - handout\Debug\2D Physics - class 3.exe
     1>Compilación del proyecto terminada "C:\Users\Master\Desktop\Physics2_class3 - handout\SDL Game.vcxproj" (Build destinos).

Compilación correcta.

Tiempo transcurrido 00:00:05.17
